Turbo Assembler	 Version 4.1	    23/11/20 17:28:03	    Page 1
D:\huo\ask.asm



      1	0000			     data segment
      2	0000  4E 61 6D 65 3A 68	75+	 string	     db		     'Name:huozhijie21009201175'
      3	      6F 7A 68 69 6A 69	65+
      4	      32 31 30 30 39 32	30+
      5	      31 31 37 35
      6	0019  49 6E 70 75 74 20	63+	 tip	     db		     'Input characters(enter q or Q to quit):$'
      7	      68 61 72 61 63 74	65+
      8	      72 73 28 65 6E 74	65+
      9	      72 20 71 20 6F 72	20+
     10	      51 20 74 6F 20 71	75+
     11	      69 74 29 3A 24
     12	0041  63 68 61 72 3A 24		 orgc	     db		     'char:$'
     13	0047  61 73 63 69 69 3A	24	 hex	     db		     'ascii:$'
     14	004E			     data ends
     15
     16	0000			     code segment
     17				     assume cs:code,ds:data
     18	0000			     start:
     19	0000  B8 0000s			 mov ax, data
     20	0003  8E D8			 mov ds, ax
     21	0005  8E C0			 mov es, ax
     22					 ;输出姓名学号
     23	0007  BA 0000r			 lea dx, string
     24	000A  B4 09			 mov ah, 9
     25	000C  CD 21			 int 21h
     26	000E  B2 0D			 mov dl, 0Dh
     27	0010  B4 02			 mov ah, 2
     28	0012  CD 21			 int 21h
     29	0014  B2 0A			 mov dl, 0Ah
     30	0016  B4 02			 mov ah, 2
     31	0018  CD 21			 int 21h
     32	001A  BA 0019r			 lea dx, tip
     33	001D  B4 09			 mov ah, 9
     34	001F  CD 00			 int
**Error** D:\huo\ask.asm(26) Too few operands to instruction
     35	0021  B4 02			 mov ah, 2
     36	0023  CD 21			 int 21h
     37	0025  B4 01			 mov ah, 1
     38	0027  CD 21			 int 21h
     39	0029  3C 71			 cmp al, 'q'
     40					 ;若等于q，则跳转到ending
     41	002B  74 6F			 je ending
     42	002D  3C 51			 cmp al, 'Q'
     43					 ;若等于Q，则跳转到ending
     44	002F  74 6B			 je ending
     45	0031  8A D8			 mov bl, al
     46	0033  8A F8			 mov bh, al
     47					 ;回车+换行
     48	0035  B2 0D			 mov dl, 0Dh
     49	0037  B4 02			 mov ah, 2
     50	0039  CD 21			 int 21h
     51	003B  B2 0A			 mov dl, 0Ah
     52	003D  B4 02			 mov ah, 2
     53	003F  CD 21			 int 21h
     54	0041  BA 0041r			 lea dx, orgc
     55	0044  B4 09			 mov ah, 9
     56	0046  CD 21			     int 21h
Turbo Assembler	 Version 4.1	    23/11/20 17:28:03	    Page 2
D:\huo\ask.asm



     57	0048  8A D7			 mov dl, bh
     58	004A  B4 02			 mov ah, 2
     59	004C  CD 21			 int 21h
     60	004E  B2 09			 mov dl, 9
     61	0050  B4 02			 mov ah, 2
     62	0052  CD 21			 int 21h
     63	0054  BA 0047r			 lea dx, hex
     64	0057  B4 09			 mov ah, 9
     65	0059  CD 21			 int 21h
     66	005B  80 E3 F0			 and bl, 0F0h  ;取高四位
     67	005E  B1 04			 mov cl, 4
     68	0060  D2 EB			 shr bl, cl
     69	0062  80 FB 09			 cmp bl, 9
     70	0065  77 0C			 ja alph1
     71	0067			     numb1:
     72	0067  80 C3 30			 add bl, '0'
     73	006A  8A D3			 mov dl, bl
     74	006C  B4 02			 mov ah, 2
     75	006E  CD 21			 int 21h
     76	0070  EB 0A 90			 jmp low4
     77	0073			     alph1:
     78	0073  80 C3 37			 add bl, 37h
     79	0076  8A D3			 mov dl, bl
     80	0078  B4 02			 mov ah, 2
     81	007A  CD 21			 int 21h
     82	007C			     low4:
     83	007C  80 E7 0F			 and bh, 0Fh  ;取低四位
     84	007F  80 FF 09			 cmp bh, 9
     85	0082  77 0C			 ja alph2
     86	0084			     numb2:
     87	0084  80 C7 30			 add bh, '0'
     88	0087  8A D7			 mov dl, bh
     89	0089  B4 02			 mov ah, 2
     90	008B  CD 21			 int 21h
     91	008D  E9 FF70			 jmp cmpq
**Error** D:\huo\ask.asm(83) Undefined symbol: CMPQ
     92	0090			     alph2:
     93	0090  80 C7 37			 add bh, 37h
     94	0093  8A D7			 mov dl, bh
     95	0095  B4 02			 mov ah, 2
     96	0097  CD 21			 int 21h
     97	0099  E9 FF64			 jmp cmpq
**Error** D:\huo\ask.asm(89) Undefined symbol: CMPQ
     98	009C			     ending:
     99					 ;回车+换行
    100	009C  B2 0D			 mov dl, 0Dh
    101	009E  B4 02			 mov ah, 2
    102	00A0  CD 21			 int 21h
    103	00A2  B2 0A			 mov dl, 0Ah
    104	00A4  B4 02			 mov ah, 2
    105	00A6  CD 21			 int 21h
    106					 ;终止程序
    107	00A8  B8 4C00			 mov ax, 4c00h
    108	00AB  CD 21			 int 21h
    109	00AD			     code ends
    110				     end start
Turbo Assembler	 Version 4.1	    23/11/20 17:28:03	    Page 3
Symbol Table




Symbol Name			  Type	 Value

??DATE				  Text	 "23/11/20"
??FILENAME			  Text	 "ask	  "
??TIME				  Text	 "17:28:03"
??VERSION			  Number 040A
@CPU				  Text	 0101H
@CURSEG				  Text	 CODE
@FILENAME			  Text	 ASK
@WORDSIZE			  Text	 2
ALPH1				  Near	 CODE:0073
ALPH2				  Near	 CODE:0090
ENDING				  Near	 CODE:009C
HEX				  Byte	 DATA:0047
LOW4				  Near	 CODE:007C
NUMB1				  Near	 CODE:0067
NUMB2				  Near	 CODE:0084
ORGC				  Byte	 DATA:0041
START				  Near	 CODE:0000
STRING				  Byte	 DATA:0000
TIP				  Byte	 DATA:0019

Groups & Segments		  Bit Size Align  Combine Class

CODE				  16  00AD Para	  none
DATA				  16  004E Para	  none
Turbo Assembler	 Version 4.1	    23/11/20 17:28:03	    Page 4
Error Summary



**Error** D:\huo\ask.asm(26) Too few operands to instruction
**Error** D:\huo\ask.asm(83) Undefined symbol: CMPQ
**Error** D:\huo\ask.asm(89) Undefined symbol: CMPQ
